# JRE version: OpenJDK Runtime Environment Temurin-21.0.8+9 (21.0.8+9) (build 21.0.8+9-LTS)
# Java VM: OpenJDK 64-Bit Server VM Temurin-21.0.8+9 (21.0.8+9-LTS, mixed mode, sharing, tiered, compressed oops, compressed class ptrs, parallel gc, windows-amd64)
GC Precious Log:
 CardTable entry size: 512
 CPUs: 12 total, 12 available
 Memory: 5996M
 Large Page Support: Disabled
 NUMA Support: Disabled
 Compressed Oops: Enabled (32-bit)
 Alignments: Space 512K, Generation 512K, Heap 2M
 Heap Min Capacity: 100M
 Heap Initial Capacity: 100M
 Heap Max Capacity: 2G
 Pre-touch: Disabled
 Parallel Workers: 10
Heap:
 PSYoungGen      total 14336K, used 3137K [0x00000000d5580000, 0x00000000d6780000, 0x0000000100000000)
  eden space 13824K, 21% used [0x00000000d5580000,0x00000000d5858578,0x00000000d6300000)
  from space 512K, 43% used [0x00000000d6700000,0x00000000d6738000,0x00000000d6780000)
  to   space 512K, 0% used [0x00000000d6680000,0x00000000d6680000,0x00000000d6700000)
 ParOldGen       total 316928K, used 316828K [0x0000000080000000, 0x0000000093580000, 0x00000000d5580000)
  object space 316928K, 99% used [0x0000000080000000,0x0000000093567388,0x0000000093580000)
 Metaspace       used 74291K, committed 76032K, reserved 1179648K
  class space    used 7862K, committed 8640K, reserved 1048576K
GC Heap History (20 events):
Event: 776.703 GC heap before
{Heap before GC invocations=166 (full 3):
 PSYoungGen      total 14336K, used 14325K [0x00000000d5580000, 0x00000000d6e00000, 0x0000000100000000)
  eden space 13824K, 99% used [0x00000000d5580000,0x00000000d62fd5c8,0x00000000d6300000)
  from space 512K, 100% used [0x00000000d6d80000,0x00000000d6e00000,0x00000000d6e00000)
  to   space 2048K, 0% used [0x00000000d6a00000,0x00000000d6a00000,0x00000000d6c00000)
 ParOldGen       total 308736K, used 308403K [0x0000000080000000, 0x0000000092d80000, 0x00000000d5580000)
  object space 308736K, 99% used [0x0000000080000000,0x0000000092d2cda8,0x0000000092d80000)
 Metaspace       used 72445K, committed 74240K, reserved 1179648K
  class space    used 7657K, committed 8448K, reserved 1048576K
}
Event: 776.706 GC heap after
{Heap after GC invocations=166 (full 3):
 PSYoungGen      total 15872K, used 1518K [0x00000000d5580000, 0x00000000d6e00000, 0x0000000100000000)
  eden space 13824K, 0% used [0x00000000d5580000,0x00000000d5580000,0x00000000d6300000)
  from space 2048K, 74% used [0x00000000d6a00000,0x00000000d6b7ba20,0x00000000d6c00000)
  to   space 2048K, 0% used [0x00000000d6c00000,0x00000000d6c00000,0x00000000d6e00000)
 ParOldGen       total 309248K, used 308930K [0x0000000080000000, 0x0000000092e00000, 0x00000000d5580000)
  object space 309248K, 99% used [0x0000000080000000,0x0000000092db0a10,0x0000000092e00000)
 Metaspace       used 72445K, committed 74240K, reserved 1179648K
  class space    used 7657K, committed 8448K, reserved 1048576K
}
Event: 776.850 GC heap before
{Heap before GC invocations=167 (full 3):
 PSYoungGen      total 15872K, used 15342K [0x00000000d5580000, 0x00000000d6e00000, 0x0000000100000000)
  eden space 13824K, 100% used [0x00000000d5580000,0x00000000d6300000,0x00000000d6300000)
  from space 2048K, 74% used [0x00000000d6a00000,0x00000000d6b7ba20,0x00000000d6c00000)
  to   space 2048K, 0% used [0x00000000d6c00000,0x00000000d6c00000,0x00000000d6e00000)
 ParOldGen       total 309248K, used 308930K [0x0000000080000000, 0x0000000092e00000, 0x00000000d5580000)
  object space 309248K, 99% used [0x0000000080000000,0x0000000092db0a10,0x0000000092e00000)
 Metaspace       used 72950K, committed 74688K, reserved 1179648K
  class space    used 7702K, committed 8448K, reserved 1048576K
}
Event: 776.855 GC heap after
{Heap after GC invocations=167 (full 3):
 PSYoungGen      total 14336K, used 320K [0x00000000d5580000, 0x00000000d6c80000, 0x0000000100000000)
  eden space 13824K, 0% used [0x00000000d5580000,0x00000000d5580000,0x00000000d6300000)
  from space 512K, 62% used [0x00000000d6c00000,0x00000000d6c50000,0x00000000d6c80000)
  to   space 1024K, 0% used [0x00000000d6a80000,0x00000000d6a80000,0x00000000d6b80000)
 ParOldGen       total 310784K, used 310300K [0x0000000080000000, 0x0000000092f80000, 0x00000000d5580000)
  object space 310784K, 99% used [0x0000000080000000,0x0000000092f073a8,0x0000000092f80000)
 Metaspace       used 72950K, committed 74688K, reserved 1179648K
  class space    used 7702K, committed 8448K, reserved 1048576K
}
Event: 778.338 GC heap before
{Heap before GC invocations=168 (full 3):
 PSYoungGen      total 14336K, used 14144K [0x00000000d5580000, 0x00000000d6c80000, 0x0000000100000000)
  eden space 13824K, 100% used [0x00000000d5580000,0x00000000d6300000,0x00000000d6300000)
  from space 512K, 62% used [0x00000000d6c00000,0x00000000d6c50000,0x00000000d6c80000)
  to   space 1024K, 0% used [0x00000000d6a80000,0x00000000d6a80000,0x00000000d6b80000)
 ParOldGen       total 310784K, used 310300K [0x0000000080000000, 0x0000000092f80000, 0x00000000d5580000)
  object space 310784K, 99% used [0x0000000080000000,0x0000000092f073a8,0x0000000092f80000)
 Metaspace       used 73813K, committed 75520K, reserved 1179648K
  class space    used 7853K, committed 8640K, reserved 1048576K
}
Event: 778.342 GC heap after
{Heap after GC invocations=168 (full 3):
 PSYoungGen      total 14848K, used 916K [0x00000000d5580000, 0x00000000d6c80000, 0x0000000100000000)
  eden space 13824K, 0% used [0x00000000d5580000,0x00000000d5580000,0x00000000d6300000)
  from space 1024K, 89% used [0x00000000d6a80000,0x00000000d6b65200,0x00000000d6b80000)
  to   space 1024K, 0% used [0x00000000d6b80000,0x00000000d6b80000,0x00000000d6c80000)
 ParOldGen       total 310784K, used 310385K [0x0000000080000000, 0x0000000092f80000, 0x00000000d5580000)
  object space 310784K, 99% used [0x0000000080000000,0x0000000092f1c700,0x0000000092f80000)
 Metaspace       used 73813K, committed 75520K, reserved 1179648K
  class space    used 7853K, committed 8640K, reserved 1048576K
}
Event: 778.432 GC heap before
{Heap before GC invocations=169 (full 3):
 PSYoungGen      total 14848K, used 14740K [0x00000000d5580000, 0x00000000d6c80000, 0x0000000100000000)
  eden space 13824K, 100% used [0x00000000d5580000,0x00000000d6300000,0x00000000d6300000)
  from space 1024K, 89% used [0x00000000d6a80000,0x00000000d6b65200,0x00000000d6b80000)
  to   space 1024K, 0% used [0x00000000d6b80000,0x00000000d6b80000,0x00000000d6c80000)
 ParOldGen       total 310784K, used 310385K [0x0000000080000000, 0x0000000092f80000, 0x00000000d5580000)
  object space 310784K, 99% used [0x0000000080000000,0x0000000092f1c700,0x0000000092f80000)
 Metaspace       used 73904K, committed 75648K, reserved 1179648K
  class space    used 7855K, committed 8640K, reserved 1048576K
}
Event: 778.437 GC heap after
{Heap after GC invocations=169 (full 3):
 PSYoungGen      total 14848K, used 1012K [0x00000000d5580000, 0x00000000d6c80000, 0x0000000100000000)
  eden space 13824K, 0% used [0x00000000d5580000,0x00000000d5580000,0x00000000d6300000)
  from space 1024K, 98% used [0x00000000d6b80000,0x00000000d6c7d200,0x00000000d6c80000)
  to   space 2560K, 0% used [0x00000000d6780000,0x00000000d6780000,0x00000000d6a00000)
 ParOldGen       total 311808K, used 311404K [0x0000000080000000, 0x0000000093080000, 0x00000000d5580000)
  object space 311808K, 99% used [0x0000000080000000,0x000000009301b0d0,0x0000000093080000)
 Metaspace       used 73904K, committed 75648K, reserved 1179648K
  class space    used 7855K, committed 8640K, reserved 1048576K
}
Event: 780.781 GC heap before
{Heap before GC invocations=170 (full 3):
 PSYoungGen      total 14848K, used 14836K [0x00000000d5580000, 0x00000000d6c80000, 0x0000000100000000)
  eden space 13824K, 100% used [0x00000000d5580000,0x00000000d6300000,0x00000000d6300000)
  from space 1024K, 98% used [0x00000000d6b80000,0x00000000d6c7d200,0x00000000d6c80000)
  to   space 2560K, 0% used [0x00000000d6780000,0x00000000d6780000,0x00000000d6a00000)
 ParOldGen       total 311808K, used 311404K [0x0000000080000000, 0x0000000093080000, 0x00000000d5580000)
  object space 311808K, 99% used [0x0000000080000000,0x000000009301b0d0,0x0000000093080000)
 Metaspace       used 73979K, committed 75712K, reserved 1179648K
  class space    used 7856K, committed 8640K, reserved 1048576K
}
Event: 780.784 GC heap after
{Heap after GC invocations=170 (full 3):
 PSYoungGen      total 16384K, used 513K [0x00000000d5580000, 0x00000000d6c00000, 0x0000000100000000)
  eden space 13824K, 0% used [0x00000000d5580000,0x00000000d5580000,0x00000000d6300000)
  from space 2560K, 20% used [0x00000000d6780000,0x00000000d6800510,0x00000000d6a00000)
  to   space 1536K, 0% used [0x00000000d6a80000,0x00000000d6a80000,0x00000000d6c00000)
 ParOldGen       total 312832K, used 312407K [0x0000000080000000, 0x0000000093180000, 0x00000000d5580000)
  object space 312832K, 99% used [0x0000000080000000,0x0000000093115f48,0x0000000093180000)
 Metaspace       used 73979K, committed 75712K, reserved 1179648K
  class space    used 7856K, committed 8640K, reserved 1048576K
}
Event: 782.599 GC heap before
{Heap before GC invocations=171 (full 3):
 PSYoungGen      total 16384K, used 14337K [0x00000000d5580000, 0x00000000d6c00000, 0x0000000100000000)
  eden space 13824K, 100% used [0x00000000d5580000,0x00000000d6300000,0x00000000d6300000)
  from space 2560K, 20% used [0x00000000d6780000,0x00000000d6800510,0x00000000d6a00000)
  to   space 1536K, 0% used [0x00000000d6a80000,0x00000000d6a80000,0x00000000d6c00000)
 ParOldGen       total 312832K, used 312407K [0x0000000080000000, 0x0000000093180000, 0x00000000d5580000)
  object space 312832K, 99% used [0x0000000080000000,0x0000000093115f48,0x0000000093180000)
 Metaspace       used 74086K, committed 75776K, reserved 1179648K
  class space    used 7857K, committed 8640K, reserved 1048576K
}
Event: 782.603 GC heap after
{Heap after GC invocations=171 (full 3):
 PSYoungGen      total 15360K, used 1513K [0x00000000d5580000, 0x00000000d6f00000, 0x0000000100000000)
  eden space 13824K, 0% used [0x00000000d5580000,0x00000000d5580000,0x00000000d6300000)
  from space 1536K, 98% used [0x00000000d6a80000,0x00000000d6bfa530,0x00000000d6c00000)
  to   space 6144K, 0% used [0x00000000d6300000,0x00000000d6300000,0x00000000d6900000)
 ParOldGen       total 315904K, used 315882K [0x0000000080000000, 0x0000000093480000, 0x00000000d5580000)
  object space 315904K, 99% used [0x0000000080000000,0x000000009347a8d8,0x0000000093480000)
 Metaspace       used 74086K, committed 75776K, reserved 1179648K
  class space    used 7857K, committed 8640K, reserved 1048576K
}
Event: 782.676 GC heap before
{Heap before GC invocations=172 (full 3):
 PSYoungGen      total 15360K, used 15337K [0x00000000d5580000, 0x00000000d6f00000, 0x0000000100000000)
  eden space 13824K, 100% used [0x00000000d5580000,0x00000000d6300000,0x00000000d6300000)
  from space 1536K, 98% used [0x00000000d6a80000,0x00000000d6bfa530,0x00000000d6c00000)
  to   space 6144K, 0% used [0x00000000d6300000,0x00000000d6300000,0x00000000d6900000)
 ParOldGen       total 315904K, used 315882K [0x0000000080000000, 0x0000000093480000, 0x00000000d5580000)
  object space 315904K, 99% used [0x0000000080000000,0x000000009347a8d8,0x0000000093480000)
 Metaspace       used 74142K, committed 75840K, reserved 1179648K
  class space    used 7860K, committed 8640K, reserved 1048576K
}
Event: 782.680 GC heap after
{Heap after GC invocations=172 (full 3):
 PSYoungGen      total 16384K, used 2153K [0x00000000d5580000, 0x00000000d6b00000, 0x0000000100000000)
  eden space 13824K, 0% used [0x00000000d5580000,0x00000000d5580000,0x00000000d6300000)
  from space 2560K, 84% used [0x00000000d6300000,0x00000000d651a530,0x00000000d6580000)
  to   space 3584K, 0% used [0x00000000d6780000,0x00000000d6780000,0x00000000d6b00000)
 ParOldGen       total 316928K, used 316644K [0x0000000080000000, 0x0000000093580000, 0x00000000d5580000)
  object space 316928K, 99% used [0x0000000080000000,0x0000000093539388,0x0000000093580000)
 Metaspace       used 74142K, committed 75840K, reserved 1179648K
  class space    used 7860K, committed 8640K, reserved 1048576K
}
Event: 783.593 GC heap before
{Heap before GC invocations=173 (full 3):
 PSYoungGen      total 16384K, used 15977K [0x00000000d5580000, 0x00000000d6b00000, 0x0000000100000000)
  eden space 13824K, 100% used [0x00000000d5580000,0x00000000d6300000,0x00000000d6300000)
  from space 2560K, 84% used [0x00000000d6300000,0x00000000d651a530,0x00000000d6580000)
  to   space 3584K, 0% used [0x00000000d6780000,0x00000000d6780000,0x00000000d6b00000)
 ParOldGen       total 316928K, used 316644K [0x0000000080000000, 0x0000000093580000, 0x00000000d5580000)
  object space 316928K, 99% used [0x0000000080000000,0x0000000093539388,0x0000000093580000)
 Metaspace       used 74164K, committed 75840K, reserved 1179648K
  class space    used 7861K, committed 8640K, reserved 1048576K
}
Event: 783.595 GC heap after
{Heap after GC invocations=173 (full 3):
 PSYoungGen      total 14848K, used 794K [0x00000000d5580000, 0x00000000d6880000, 0x0000000100000000)
  eden space 13824K, 0% used [0x00000000d5580000,0x00000000d5580000,0x00000000d6300000)
  from space 1024K, 77% used [0x00000000d6780000,0x00000000d6846900,0x00000000d6880000)
  to   space 1536K, 0% used [0x00000000d6580000,0x00000000d6580000,0x00000000d6700000)
 ParOldGen       total 316928K, used 316708K [0x0000000080000000, 0x0000000093580000, 0x00000000d5580000)
  object space 316928K, 99% used [0x0000000080000000,0x0000000093549388,0x0000000093580000)
 Metaspace       used 74164K, committed 75840K, reserved 1179648K
  class space    used 7861K, committed 8640K, reserved 1048576K
}
Event: 783.782 GC heap before
{Heap before GC invocations=174 (full 3):
 PSYoungGen      total 14848K, used 14618K [0x00000000d5580000, 0x00000000d6880000, 0x0000000100000000)
  eden space 13824K, 100% used [0x00000000d5580000,0x00000000d6300000,0x00000000d6300000)
  from space 1024K, 77% used [0x00000000d6780000,0x00000000d6846900,0x00000000d6880000)
  to   space 1536K, 0% used [0x00000000d6580000,0x00000000d6580000,0x00000000d6700000)
 ParOldGen       total 316928K, used 316708K [0x0000000080000000, 0x0000000093580000, 0x00000000d5580000)
  object space 316928K, 99% used [0x0000000080000000,0x0000000093549388,0x0000000093580000)
 Metaspace       used 74183K, committed 75840K, reserved 1179648K
  class space    used 7862K, committed 8640K, reserved 1048576K
}
Event: 783.784 GC heap after
{Heap after GC invocations=174 (full 3):
 PSYoungGen      total 15360K, used 608K [0x00000000d5580000, 0x00000000d6800000, 0x0000000100000000)
  eden space 13824K, 0% used [0x00000000d5580000,0x00000000d5580000,0x00000000d6300000)
  from space 1536K, 39% used [0x00000000d6580000,0x00000000d6618000,0x00000000d6700000)
  to   space 1024K, 0% used [0x00000000d6700000,0x00000000d6700000,0x00000000d6800000)
 ParOldGen       total 316928K, used 316764K [0x0000000080000000, 0x0000000093580000, 0x00000000d5580000)
  object space 316928K, 99% used [0x0000000080000000,0x0000000093557388,0x0000000093580000)
 Metaspace       used 74183K, committed 75840K, reserved 1179648K
  class space    used 7862K, committed 8640K, reserved 1048576K
}
Event: 797.483 GC heap before
{Heap before GC invocations=175 (full 3):
 PSYoungGen      total 15360K, used 14432K [0x00000000d5580000, 0x00000000d6800000, 0x0000000100000000)
  eden space 13824K, 100% used [0x00000000d5580000,0x00000000d6300000,0x00000000d6300000)
  from space 1536K, 39% used [0x00000000d6580000,0x00000000d6618000,0x00000000d6700000)
  to   space 1024K, 0% used [0x00000000d6700000,0x00000000d6700000,0x00000000d6800000)
 ParOldGen       total 316928K, used 316764K [0x0000000080000000, 0x0000000093580000, 0x00000000d5580000)
  object space 316928K, 99% used [0x0000000080000000,0x0000000093557388,0x0000000093580000)
 Metaspace       used 74214K, committed 75904K, reserved 1179648K
  class space    used 7862K, committed 8640K, reserved 1048576K
}
Event: 797.485 GC heap after
{Heap after GC invocations=175 (full 3):
 PSYoungGen      total 14336K, used 224K [0x00000000d5580000, 0x00000000d6780000, 0x0000000100000000)
  eden space 13824K, 0% used [0x00000000d5580000,0x00000000d5580000,0x00000000d6300000)
  from space 512K, 43% used [0x00000000d6700000,0x00000000d6738000,0x00000000d6780000)
  to   space 512K, 0% used [0x00000000d6680000,0x00000000d6680000,0x00000000d6700000)
 ParOldGen       total 316928K, used 316828K [0x0000000080000000, 0x0000000093580000, 0x00000000d5580000)
  object space 316928K, 99% used [0x0000000080000000,0x0000000093567388,0x0000000093580000)
 Metaspace       used 74214K, committed 75904K, reserved 1179648K
  class space    used 7862K, committed 8640K, reserved 1048576K
}

