# JRE version: OpenJDK Runtime Environment Temurin-21.0.8+9 (21.0.8+9) (build 21.0.8+9-LTS)
# Java VM: OpenJDK 64-Bit Server VM Temurin-21.0.8+9 (21.0.8+9-LTS, mixed mode, sharing, tiered, compressed oops, compressed class ptrs, parallel gc, windows-amd64)
GC Precious Log:
 CardTable entry size: 512
 CPUs: 12 total, 12 available
 Memory: 5996M
 Large Page Support: Disabled
 NUMA Support: Disabled
 Compressed Oops: Enabled (32-bit)
 Alignments: Space 512K, Generation 512K, Heap 2M
 Heap Min Capacity: 100M
 Heap Initial Capacity: 100M
 Heap Max Capacity: 2G
 Pre-touch: Disabled
 Parallel Workers: 10
Heap:
 PSYoungGen      total 11264K, used 7854K [0x00000000d5580000, 0x00000000d6480000, 0x0000000100000000)
  eden space 10240K, 73% used [0x00000000d5580000,0x00000000d5cdb958,0x00000000d5f80000)
  from space 1024K, 31% used [0x00000000d6380000,0x00000000d63d0000,0x00000000d6480000)
  to   space 2560K, 0% used [0x00000000d5f80000,0x00000000d5f80000,0x00000000d6200000)
 ParOldGen       total 1136640K, used 1136424K [0x0000000080000000, 0x00000000c5600000, 0x00000000d5580000)
  object space 1136640K, 99% used [0x0000000080000000,0x00000000c55ca308,0x00000000c5600000)
 Metaspace       used 97548K, committed 99136K, reserved 1179648K
  class space    used 9814K, committed 10560K, reserved 1048576K
GC Heap History (20 events):
Event: 5863.886 GC heap before
{Heap before GC invocations=3457 (full 9):
 PSYoungGen      total 2560K, used 2528K [0x00000000d5580000, 0x00000000d5c80000, 0x0000000100000000)
  eden space 1536K, 100% used [0x00000000d5580000,0x00000000d5700000,0x00000000d5700000)
  from space 1024K, 96% used [0x00000000d5b80000,0x00000000d5c78020,0x00000000d5c80000)
  to   space 1536K, 0% used [0x00000000d5980000,0x00000000d5980000,0x00000000d5b00000)
 ParOldGen       total 1074688K, used 1074380K [0x0000000080000000, 0x00000000c1980000, 0x00000000d5580000)
  object space 1074688K, 99% used [0x0000000080000000,0x00000000c19331b8,0x00000000c1980000)
 Metaspace       used 97515K, committed 99072K, reserved 1179648K
  class space    used 9814K, committed 10560K, reserved 1048576K
}
Event: 5863.917 GC heap after
{Heap after GC invocations=3457 (full 9):
 PSYoungGen      total 3584K, used 1536K [0x00000000d5580000, 0x00000000d5d80000, 0x0000000100000000)
  eden space 2048K, 0% used [0x00000000d5580000,0x00000000d5580000,0x00000000d5780000)
  from space 1536K, 100% used [0x00000000d5980000,0x00000000d5b00000,0x00000000d5b00000)
  to   space 2560K, 0% used [0x00000000d5b00000,0x00000000d5b00000,0x00000000d5d80000)
 ParOldGen       total 1075712K, used 1075308K [0x0000000080000000, 0x00000000c1a80000, 0x00000000d5580000)
  object space 1075712K, 99% used [0x0000000080000000,0x00000000c1a1b1e8,0x00000000c1a80000)
 Metaspace       used 97515K, committed 99072K, reserved 1179648K
  class space    used 9814K, committed 10560K, reserved 1048576K
}
Event: 5863.955 GC heap before
{Heap before GC invocations=3458 (full 9):
 PSYoungGen      total 3584K, used 3584K [0x00000000d5580000, 0x00000000d5d80000, 0x0000000100000000)
  eden space 2048K, 100% used [0x00000000d5580000,0x00000000d5780000,0x00000000d5780000)
  from space 1536K, 100% used [0x00000000d5980000,0x00000000d5b00000,0x00000000d5b00000)
  to   space 2560K, 0% used [0x00000000d5b00000,0x00000000d5b00000,0x00000000d5d80000)
 ParOldGen       total 1075712K, used 1075308K [0x0000000080000000, 0x00000000c1a80000, 0x00000000d5580000)
  object space 1075712K, 99% used [0x0000000080000000,0x00000000c1a1b1e8,0x00000000c1a80000)
 Metaspace       used 97515K, committed 99072K, reserved 1179648K
  class space    used 9814K, committed 10560K, reserved 1048576K
}
Event: 5863.965 GC heap after
{Heap after GC invocations=3458 (full 9):
 PSYoungGen      total 5120K, used 2178K [0x00000000d5580000, 0x00000000d5d80000, 0x0000000100000000)
  eden space 2560K, 0% used [0x00000000d5580000,0x00000000d5580000,0x00000000d5800000)
  from space 2560K, 85% used [0x00000000d5b00000,0x00000000d5d209b0,0x00000000d5d80000)
  to   space 2560K, 0% used [0x00000000d5880000,0x00000000d5880000,0x00000000d5b00000)
 ParOldGen       total 1077760K, used 1077593K [0x0000000080000000, 0x00000000c1c80000, 0x00000000d5580000)
  object space 1077760K, 99% used [0x0000000080000000,0x00000000c1c56648,0x00000000c1c80000)
 Metaspace       used 97515K, committed 99072K, reserved 1179648K
  class space    used 9814K, committed 10560K, reserved 1048576K
}
Event: 5863.970 GC heap before
{Heap before GC invocations=3459 (full 9):
 PSYoungGen      total 5120K, used 4738K [0x00000000d5580000, 0x00000000d5d80000, 0x0000000100000000)
  eden space 2560K, 100% used [0x00000000d5580000,0x00000000d5800000,0x00000000d5800000)
  from space 2560K, 85% used [0x00000000d5b00000,0x00000000d5d209b0,0x00000000d5d80000)
  to   space 2560K, 0% used [0x00000000d5880000,0x00000000d5880000,0x00000000d5b00000)
 ParOldGen       total 1077760K, used 1077593K [0x0000000080000000, 0x00000000c1c80000, 0x00000000d5580000)
  object space 1077760K, 99% used [0x0000000080000000,0x00000000c1c56648,0x00000000c1c80000)
 Metaspace       used 97515K, committed 99072K, reserved 1179648K
  class space    used 9814K, committed 10560K, reserved 1048576K
}
Event: 5863.987 GC heap after
{Heap after GC invocations=3459 (full 9):
 PSYoungGen      total 5632K, used 2532K [0x00000000d5580000, 0x00000000d6280000, 0x0000000100000000)
  eden space 3072K, 0% used [0x00000000d5580000,0x00000000d5580000,0x00000000d5880000)
  from space 2560K, 98% used [0x00000000d5880000,0x00000000d5af9180,0x00000000d5b00000)
  to   space 5120K, 0% used [0x00000000d5d80000,0x00000000d5d80000,0x00000000d6280000)
 ParOldGen       total 1079808K, used 1079653K [0x0000000080000000, 0x00000000c1e80000, 0x00000000d5580000)
  object space 1079808K, 99% used [0x0000000080000000,0x00000000c1e59758,0x00000000c1e80000)
 Metaspace       used 97515K, committed 99072K, reserved 1179648K
  class space    used 9814K, committed 10560K, reserved 1048576K
}
Event: 5863.990 GC heap before
{Heap before GC invocations=3460 (full 9):
 PSYoungGen      total 5632K, used 5604K [0x00000000d5580000, 0x00000000d6280000, 0x0000000100000000)
  eden space 3072K, 100% used [0x00000000d5580000,0x00000000d5880000,0x00000000d5880000)
  from space 2560K, 98% used [0x00000000d5880000,0x00000000d5af9180,0x00000000d5b00000)
  to   space 5120K, 0% used [0x00000000d5d80000,0x00000000d5d80000,0x00000000d6280000)
 ParOldGen       total 1079808K, used 1079653K [0x0000000080000000, 0x00000000c1e80000, 0x00000000d5580000)
  object space 1079808K, 99% used [0x0000000080000000,0x00000000c1e59758,0x00000000c1e80000)
 Metaspace       used 97515K, committed 99072K, reserved 1179648K
  class space    used 9814K, committed 10560K, reserved 1048576K
}
Event: 5863.997 GC heap after
{Heap after GC invocations=3460 (full 9):
 PSYoungGen      total 8192K, used 3219K [0x00000000d5580000, 0x00000000d6180000, 0x0000000100000000)
  eden space 4096K, 0% used [0x00000000d5580000,0x00000000d5580000,0x00000000d5980000)
  from space 4096K, 78% used [0x00000000d5d80000,0x00000000d60a4dc8,0x00000000d6180000)
  to   space 4096K, 0% used [0x00000000d5980000,0x00000000d5980000,0x00000000d5d80000)
 ParOldGen       total 1082368K, used 1082139K [0x0000000080000000, 0x00000000c2100000, 0x00000000d5580000)
  object space 1082368K, 99% used [0x0000000080000000,0x00000000c20c6d38,0x00000000c2100000)
 Metaspace       used 97515K, committed 99072K, reserved 1179648K
  class space    used 9814K, committed 10560K, reserved 1048576K
}
Event: 5864.010 GC heap before
{Heap before GC invocations=3461 (full 9):
 PSYoungGen      total 8192K, used 7315K [0x00000000d5580000, 0x00000000d6180000, 0x0000000100000000)
  eden space 4096K, 100% used [0x00000000d5580000,0x00000000d5980000,0x00000000d5980000)
  from space 4096K, 78% used [0x00000000d5d80000,0x00000000d60a4dc8,0x00000000d6180000)
  to   space 4096K, 0% used [0x00000000d5980000,0x00000000d5980000,0x00000000d5d80000)
 ParOldGen       total 1082368K, used 1082139K [0x0000000080000000, 0x00000000c2100000, 0x00000000d5580000)
  object space 1082368K, 99% used [0x0000000080000000,0x00000000c20c6d38,0x00000000c2100000)
 Metaspace       used 97515K, committed 99072K, reserved 1179648K
  class space    used 9814K, committed 10560K, reserved 1048576K
}
Event: 5864.024 GC heap after
{Heap after GC invocations=3461 (full 9):
 PSYoungGen      total 8192K, used 3816K [0x00000000d5580000, 0x00000000d6280000, 0x0000000100000000)
  eden space 4096K, 0% used [0x00000000d5580000,0x00000000d5580000,0x00000000d5980000)
  from space 4096K, 93% used [0x00000000d5980000,0x00000000d5d3a000,0x00000000d5d80000)
  to   space 4096K, 0% used [0x00000000d5e80000,0x00000000d5e80000,0x00000000d6280000)
 ParOldGen       total 1085440K, used 1085185K [0x0000000080000000, 0x00000000c2400000, 0x00000000d5580000)
  object space 1085440K, 99% used [0x0000000080000000,0x00000000c23c0628,0x00000000c2400000)
 Metaspace       used 97515K, committed 99072K, reserved 1179648K
  class space    used 9814K, committed 10560K, reserved 1048576K
}
Event: 5864.044 GC heap before
{Heap before GC invocations=3462 (full 9):
 PSYoungGen      total 8192K, used 7912K [0x00000000d5580000, 0x00000000d6280000, 0x0000000100000000)
  eden space 4096K, 100% used [0x00000000d5580000,0x00000000d5980000,0x00000000d5980000)
  from space 4096K, 93% used [0x00000000d5980000,0x00000000d5d3a000,0x00000000d5d80000)
  to   space 4096K, 0% used [0x00000000d5e80000,0x00000000d5e80000,0x00000000d6280000)
 ParOldGen       total 1085440K, used 1085185K [0x0000000080000000, 0x00000000c2400000, 0x00000000d5580000)
  object space 1085440K, 99% used [0x0000000080000000,0x00000000c23c0628,0x00000000c2400000)
 Metaspace       used 97515K, committed 99072K, reserved 1179648K
  class space    used 9814K, committed 10560K, reserved 1048576K
}
Event: 5864.087 GC heap after
{Heap after GC invocations=3462 (full 9):
 PSYoungGen      total 8704K, used 3424K [0x00000000d5580000, 0x00000000d6200000, 0x0000000100000000)
  eden space 5120K, 0% used [0x00000000d5580000,0x00000000d5580000,0x00000000d5a80000)
  from space 3584K, 95% used [0x00000000d5e80000,0x00000000d61d8000,0x00000000d6200000)
  to   space 3584K, 0% used [0x00000000d5b00000,0x00000000d5b00000,0x00000000d5e80000)
 ParOldGen       total 1089024K, used 1088513K [0x0000000080000000, 0x00000000c2780000, 0x00000000d5580000)
  object space 1089024K, 99% used [0x0000000080000000,0x00000000c2700628,0x00000000c2780000)
 Metaspace       used 97515K, committed 99072K, reserved 1179648K
  class space    used 9814K, committed 10560K, reserved 1048576K
}
Event: 5864.432 GC heap before
{Heap before GC invocations=3463 (full 9):
 PSYoungGen      total 8704K, used 8544K [0x00000000d5580000, 0x00000000d6200000, 0x0000000100000000)
  eden space 5120K, 100% used [0x00000000d5580000,0x00000000d5a80000,0x00000000d5a80000)
  from space 3584K, 95% used [0x00000000d5e80000,0x00000000d61d8000,0x00000000d6200000)
  to   space 3584K, 0% used [0x00000000d5b00000,0x00000000d5b00000,0x00000000d5e80000)
 ParOldGen       total 1089024K, used 1088513K [0x0000000080000000, 0x00000000c2780000, 0x00000000d5580000)
  object space 1089024K, 99% used [0x0000000080000000,0x00000000c2700628,0x00000000c2780000)
 Metaspace       used 97515K, committed 99072K, reserved 1179648K
  class space    used 9814K, committed 10560K, reserved 1048576K
}
Event: 5864.440 GC heap after
{Heap after GC invocations=3463 (full 9):
 PSYoungGen      total 9216K, used 3562K [0x00000000d5580000, 0x00000000d6d80000, 0x0000000100000000)
  eden space 5632K, 0% used [0x00000000d5580000,0x00000000d5580000,0x00000000d5b00000)
  from space 3584K, 99% used [0x00000000d5b00000,0x00000000d5e7ab68,0x00000000d5e80000)
  to   space 9216K, 0% used [0x00000000d6480000,0x00000000d6480000,0x00000000d6d80000)
 ParOldGen       total 1093120K, used 1092950K [0x0000000080000000, 0x00000000c2b80000, 0x00000000d5580000)
  object space 1093120K, 99% used [0x0000000080000000,0x00000000c2b55af8,0x00000000c2b80000)
 Metaspace       used 97515K, committed 99072K, reserved 1179648K
  class space    used 9814K, committed 10560K, reserved 1048576K
}
Event: 5864.474 GC heap before
{Heap before GC invocations=3464 (full 9):
 PSYoungGen      total 9216K, used 9194K [0x00000000d5580000, 0x00000000d6d80000, 0x0000000100000000)
  eden space 5632K, 100% used [0x00000000d5580000,0x00000000d5b00000,0x00000000d5b00000)
  from space 3584K, 99% used [0x00000000d5b00000,0x00000000d5e7ab68,0x00000000d5e80000)
  to   space 9216K, 0% used [0x00000000d6480000,0x00000000d6480000,0x00000000d6d80000)
 ParOldGen       total 1093120K, used 1092950K [0x0000000080000000, 0x00000000c2b80000, 0x00000000d5580000)
  object space 1093120K, 99% used [0x0000000080000000,0x00000000c2b55af8,0x00000000c2b80000)
 Metaspace       used 97515K, committed 99072K, reserved 1179648K
  class space    used 9814K, committed 10560K, reserved 1048576K
}
Event: 5864.486 GC heap after
{Heap after GC invocations=3464 (full 9):
 PSYoungGen      total 13312K, used 5760K [0x00000000d5580000, 0x00000000d6a80000, 0x0000000100000000)
  eden space 7168K, 0% used [0x00000000d5580000,0x00000000d5580000,0x00000000d5c80000)
  from space 6144K, 93% used [0x00000000d6480000,0x00000000d6a20000,0x00000000d6a80000)
  to   space 6656K, 0% used [0x00000000d5d80000,0x00000000d5d80000,0x00000000d6400000)
 ParOldGen       total 1096704K, used 1096552K [0x0000000080000000, 0x00000000c2f00000, 0x00000000d5580000)
  object space 1096704K, 99% used [0x0000000080000000,0x00000000c2eda2d8,0x00000000c2f00000)
 Metaspace       used 97515K, committed 99072K, reserved 1179648K
  class space    used 9814K, committed 10560K, reserved 1048576K
}
Event: 5864.591 GC heap before
{Heap before GC invocations=3465 (full 9):
 PSYoungGen      total 13312K, used 12928K [0x00000000d5580000, 0x00000000d6a80000, 0x0000000100000000)
  eden space 7168K, 100% used [0x00000000d5580000,0x00000000d5c80000,0x00000000d5c80000)
  from space 6144K, 93% used [0x00000000d6480000,0x00000000d6a20000,0x00000000d6a80000)
  to   space 6656K, 0% used [0x00000000d5d80000,0x00000000d5d80000,0x00000000d6400000)
 ParOldGen       total 1128448K, used 1127272K [0x0000000080000000, 0x00000000c4e00000, 0x00000000d5580000)
  object space 1128448K, 99% used [0x0000000080000000,0x00000000c4cda308,0x00000000c4e00000)
 Metaspace       used 97518K, committed 99072K, reserved 1179648K
  class space    used 9814K, committed 10560K, reserved 1048576K
}
Event: 5864.605 GC heap after
{Heap after GC invocations=3465 (full 9):
 PSYoungGen      total 13312K, used 5024K [0x00000000d5580000, 0x00000000d6900000, 0x0000000100000000)
  eden space 8192K, 0% used [0x00000000d5580000,0x00000000d5580000,0x00000000d5d80000)
  from space 5120K, 98% used [0x00000000d5d80000,0x00000000d6268000,0x00000000d6280000)
  to   space 5632K, 0% used [0x00000000d6380000,0x00000000d6380000,0x00000000d6900000)
 ParOldGen       total 1133056K, used 1132952K [0x0000000080000000, 0x00000000c5280000, 0x00000000d5580000)
  object space 1133056K, 99% used [0x0000000080000000,0x00000000c5266308,0x00000000c5280000)
 Metaspace       used 97518K, committed 99072K, reserved 1179648K
  class space    used 9814K, committed 10560K, reserved 1048576K
}
Event: 5865.318 GC heap before
{Heap before GC invocations=3466 (full 9):
 PSYoungGen      total 13312K, used 13216K [0x00000000d5580000, 0x00000000d6900000, 0x0000000100000000)
  eden space 8192K, 100% used [0x00000000d5580000,0x00000000d5d80000,0x00000000d5d80000)
  from space 5120K, 98% used [0x00000000d5d80000,0x00000000d6268000,0x00000000d6280000)
  to   space 5632K, 0% used [0x00000000d6380000,0x00000000d6380000,0x00000000d6900000)
 ParOldGen       total 1133056K, used 1132952K [0x0000000080000000, 0x00000000c5280000, 0x00000000d5580000)
  object space 1133056K, 99% used [0x0000000080000000,0x00000000c5266308,0x00000000c5280000)
 Metaspace       used 97522K, committed 99072K, reserved 1179648K
  class space    used 9814K, committed 10560K, reserved 1048576K
}
Event: 5865.327 GC heap after
{Heap after GC invocations=3466 (full 9):
 PSYoungGen      total 11264K, used 320K [0x00000000d5580000, 0x00000000d6480000, 0x0000000100000000)
  eden space 10240K, 0% used [0x00000000d5580000,0x00000000d5580000,0x00000000d5f80000)
  from space 1024K, 31% used [0x00000000d6380000,0x00000000d63d0000,0x00000000d6480000)
  to   space 2560K, 0% used [0x00000000d5f80000,0x00000000d5f80000,0x00000000d6200000)
 ParOldGen       total 1136640K, used 1136424K [0x0000000080000000, 0x00000000c5600000, 0x00000000d5580000)
  object space 1136640K, 99% used [0x0000000080000000,0x00000000c55ca308,0x00000000c5600000)
 Metaspace       used 97522K, committed 99072K, reserved 1179648K
  class space    used 9814K, committed 10560K, reserved 1048576K
}

